2019年10月29日16:50:59
1.库存可以编辑 修改误差
2.单价乘以成品斤数就是单果成本了 成品成本就是单果成本价包材单价和打包报费用就等于成品成本
3.成品添加界面 成品原料 -》 原料
4.待打单 -》 打单发货
5.生产列表的时间 -》 生产时间
6.待发货时间 -》 打单时间
7.已发货时间 -》发货时间

2019年10月23日19:44:54
新增需求
    1.库存
        1.入库时库存可以来自不同的供应商 fix
        2.保存到系统中当做一批次的库存 fix
            1.数量是总和
            2.单价是平均值
            3.误差手动输入
            4.修改（修改数据库表结构，改写后台代码，改写界面）
        3.库存导出是时显示不同的供应商以及供应商的价格（改写Excel导出部分逻辑) fix
        4.库存列表添加商品类型选择 fix
        5.增加累计损耗列 并导出 fix
    2.生产
        1.Excel导出数据添加列 del
            1.批次名称
            2.批次价格
            3.批次数量
            4.批次单价
        2.选择原料库存为0的不显示 fix
        3.创建时间显示到分 fix
        4.创建时间列名改为时间 fix
        5.自动计算成品单价 入库数量*单价/(入库数量-损耗-误差) fix
    3.商品
        1.商品列表去掉发货量 fix
        2.生产选择商品时规格为1的不要显示 fix
    4.供应商 fix
        1.合并供应商和库存列表为采购模块 fix
    5.财务
        1.导出Excel
            按照入库批次来统计生产情况

2020年4月3日16:51:17
新增需求
    1.打包模块
        1.数据结构
            1.打包员
            2.日期
            3.打包项目（可变动）
            4.金额
         2.与库存无关，只选择商品即可
         4.打包员手动输入，可以不在系统中
         5.普通用户可以修改当天的记录
         6.普通用户对非当天的记录无法修改也无法删除
         7.管理员可以修改以及删除记录
         8.Excel导出
    2.删除订单模块